<testsuites id="" name="" tests="6" failures="0" skipped="0" errors="0" time="5.723389">
<testsuite name="golden-round-advanced.spec.js" timestamp="2026-01-08T17:08:42.218Z" hostname="chromium" tests="6" failures="0" skipped="0" time="0.725" errors="0">
<testcase name="Golden Round - High Stakes (Quarters &gt; 10) › handle large quarter values (18+ quarters)" classname="golden-round-advanced.spec.js" time="0.376">
<system-out>
<![CDATA[Created game efe9af9f-9bdd-4d91-96c9-290357c3749a for high stakes test
High stakes hole result: {
  success: [33mtrue[39m,
  game_state: {
    current_hole: [33m2[39m,
    game_phase: [32m'regular'[39m,
    player_count: [33m4[39m,
    course_name: [32m'Wing Point Golf & Country Club'[39m,
    players: [ [36m[Object][39m, [36m[Object][39m, [36m[Object][39m, [36m[Object][39m ],
    hole_state: {
      hole_number: [33m1[39m,
      hitting_order: [36m[Array][39m,
      current_shot_number: [33m1[39m,
      hole_complete: [33mfalse[39m,
      wagering_closed: [33mfalse[39m,
      ball_positions: [36m[Object][39m,
      current_order_of_play: [],
      line_of_scrimmage: [1mnull[22m,
      next_player_to_hit: [1mnull[22m,
      stroke_advantages: [36m[Object][39m,
      hole_par: [33m4[39m,
      stroke_index: [33m7[39m,
      teams: [36m[Object][39m,
      betting: [36m[Object][39m,
      scores: [36m[Object][39m,
      balls_in_hole: [],
      concessions: {}
    },
    hole_history: [ [36m[Object][39m ],
    course_holes: [
      [36m[Object][39m, [36m[Object][39m, [36m[Object][39m,
      [36m[Object][39m, [36m[Object][39m, [36m[Object][39m,
      [36m[Object][39m, [36m[Object][39m, [36m[Object][39m,
      [36m[Object][39m, [36m[Object][39m, [36m[Object][39m,
      [36m[Object][39m, [36m[Object][39m, [36m[Object][39m,
      [36m[Object][39m, [36m[Object][39m, [36m[Object][39m
    ],
    stroke_allocation: {
      [32m'test-player-1'[39m: [36m[Object][39m,
      [32m'test-player-2'[39m: [36m[Object][39m,
      [32m'test-player-3'[39m: [36m[Object][39m,
      [32m'test-player-4'[39m: [36m[Object][39m
    },
    hoepfinger_start: [33m17[39m,
    settings: { double_points_round: [33mfalse[39m, annual_banquet: [33mfalse[39m },
    game_status: [32m'in_progress'[39m,
    test_mode: [33mtrue[39m,
    consecutive_push_block: [33mfalse[39m
  },
  hole_result: {
    hole: [33m1[39m,
    hole_number: [33m1[39m,
    rotation_order: [
      [32m'test-player-1'[39m,
      [32m'test-player-2'[39m,
      [32m'test-player-3'[39m,
      [32m'test-player-4'[39m
    ],
    captain_index: [33m0[39m,
    phase: [32m'normal'[39m,
    joes_special_wager: [1mnull[22m,
    option_turned_off: [33mfalse[39m,
    duncan_invoked: [33mfalse[39m,
    tunkarri_invoked: [33mfalse[39m,
    teams: {
      type: [32m'solo'[39m,
      team1: [1mnull[22m,
      team2: [1mnull[22m,
      captain: [32m'test-player-1'[39m,
      opponents: [36m[Array][39m
    },
    wager: [33m6[39m,
    final_wager: [33m6[39m,
    winner: [32m'captain'[39m,
    gross_scores: {
      [32m'test-player-1'[39m: [33m2[39m,
      [32m'test-player-2'[39m: [33m5[39m,
      [32m'test-player-3'[39m: [33m6[39m,
      [32m'test-player-4'[39m: [33m5[39m
    },
    hole_par: [33m4[39m,
    points_delta: {
      [32m'test-player-1'[39m: [33m18[39m,
      [32m'test-player-2'[39m: [33m-6[39m,
      [32m'test-player-3'[39m: [33m-6[39m,
      [32m'test-player-4'[39m: [33m-6[39m
    },
    quarters_breakdown: {
      [32m'test-player-1'[39m: [36m[Object][39m,
      [32m'test-player-2'[39m: [36m[Object][39m,
      [32m'test-player-3'[39m: [36m[Object][39m,
      [32m'test-player-4'[39m: [36m[Object][39m
    },
    float_invoked_by: [1mnull[22m,
    option_invoked_by: [1mnull[22m,
    carry_over_applied: [33mfalse[39m,
    doubles_history: [],
    big_dick_invoked_by: [1mnull[22m,
    aardvark_requested_team: [1mnull[22m,
    aardvark_tossed: [33mfalse[39m,
    aardvark_ping_ponged: [33mfalse[39m,
    aardvark_solo: [33mfalse[39m,
    betting_narrative: [1mnull[22m,
    betting_events: []
  },
  message: [32m'Hole 1 completed successfully'[39m
}
Captain earned 18 quarters
]]>
</system-out>
</testcase>
<testcase name="Golden Round - High Stakes (Quarters &gt; 10) › handle hole 18 Big Dick scenario (24+ quarters)" classname="golden-round-advanced.spec.js" time="0.084">
<system-out>
<![CDATA[Hole 18 result: {
  success: [33mtrue[39m,
  game_state: {
    current_hole: [33m19[39m,
    game_phase: [32m'regular'[39m,
    player_count: [33m4[39m,
    course_name: [32m'Wing Point Golf & Country Club'[39m,
    players: [ [36m[Object][39m, [36m[Object][39m, [36m[Object][39m, [36m[Object][39m ],
    hole_state: {
      hole_number: [33m1[39m,
      hitting_order: [36m[Array][39m,
      current_shot_number: [33m1[39m,
      hole_complete: [33mfalse[39m,
      wagering_closed: [33mfalse[39m,
      ball_positions: [36m[Object][39m,
      current_order_of_play: [],
      line_of_scrimmage: [1mnull[22m,
      next_player_to_hit: [1mnull[22m,
      stroke_advantages: [36m[Object][39m,
      hole_par: [33m4[39m,
      stroke_index: [33m16[39m,
      teams: [36m[Object][39m,
      betting: [36m[Object][39m,
      scores: [36m[Object][39m,
      balls_in_hole: [],
      concessions: {}
    },
    hole_history: [
      [36m[Object][39m, [36m[Object][39m, [36m[Object][39m,
      [36m[Object][39m, [36m[Object][39m, [36m[Object][39m,
      [36m[Object][39m, [36m[Object][39m, [36m[Object][39m,
      [36m[Object][39m, [36m[Object][39m, [36m[Object][39m,
      [36m[Object][39m, [36m[Object][39m, [36m[Object][39m,
      [36m[Object][39m, [36m[Object][39m, [36m[Object][39m
    ],
    course_holes: [
      [36m[Object][39m, [36m[Object][39m, [36m[Object][39m,
      [36m[Object][39m, [36m[Object][39m, [36m[Object][39m,
      [36m[Object][39m, [36m[Object][39m, [36m[Object][39m,
      [36m[Object][39m, [36m[Object][39m, [36m[Object][39m,
      [36m[Object][39m, [36m[Object][39m, [36m[Object][39m,
      [36m[Object][39m, [36m[Object][39m, [36m[Object][39m
    ],
    stroke_allocation: {
      [32m'test-player-1'[39m: [36m[Object][39m,
      [32m'test-player-2'[39m: [36m[Object][39m,
      [32m'test-player-3'[39m: [36m[Object][39m,
      [32m'test-player-4'[39m: [36m[Object][39m
    },
    hoepfinger_start: [33m17[39m,
    settings: { double_points_round: [33mfalse[39m, annual_banquet: [33mfalse[39m },
    game_status: [32m'in_progress'[39m,
    test_mode: [33mtrue[39m,
    consecutive_push_block: [33mfalse[39m
  },
  hole_result: {
    hole: [33m18[39m,
    hole_number: [33m18[39m,
    rotation_order: [
      [32m'test-player-1'[39m,
      [32m'test-player-2'[39m,
      [32m'test-player-3'[39m,
      [32m'test-player-4'[39m
    ],
    captain_index: [33m0[39m,
    phase: [32m'hoepfinger'[39m,
    joes_special_wager: [33m8[39m,
    option_turned_off: [33mfalse[39m,
    duncan_invoked: [33mfalse[39m,
    tunkarri_invoked: [33mfalse[39m,
    teams: {
      type: [32m'solo'[39m,
      team1: [1mnull[22m,
      team2: [1mnull[22m,
      captain: [32m'test-player-1'[39m,
      opponents: [36m[Array][39m
    },
    wager: [33m8[39m,
    final_wager: [33m8[39m,
    winner: [32m'captain'[39m,
    gross_scores: {
      [32m'test-player-1'[39m: [33m3[39m,
      [32m'test-player-2'[39m: [33m5[39m,
      [32m'test-player-3'[39m: [33m5[39m,
      [32m'test-player-4'[39m: [33m5[39m
    },
    hole_par: [33m4[39m,
    points_delta: {
      [32m'test-player-1'[39m: [33m24[39m,
      [32m'test-player-2'[39m: [33m-8[39m,
      [32m'test-player-3'[39m: [33m-8[39m,
      [32m'test-player-4'[39m: [33m-8[39m
    },
    quarters_breakdown: {
      [32m'test-player-1'[39m: [36m[Object][39m,
      [32m'test-player-2'[39m: [36m[Object][39m,
      [32m'test-player-3'[39m: [36m[Object][39m,
      [32m'test-player-4'[39m: [36m[Object][39m
    },
    float_invoked_by: [1mnull[22m,
    option_invoked_by: [1mnull[22m,
    carry_over_applied: [33mfalse[39m,
    doubles_history: [],
    big_dick_invoked_by: [1mnull[22m,
    aardvark_requested_team: [1mnull[22m,
    aardvark_tossed: [33mfalse[39m,
    aardvark_ping_ponged: [33mfalse[39m,
    aardvark_solo: [33mfalse[39m,
    betting_narrative: [1mnull[22m,
    betting_events: []
  },
  message: [32m'Hole 18 completed successfully'[39m
}
Hole 18: Captain earned 24 quarters
]]>
</system-out>
</testcase>
<testcase name="Golden Round - Start on Hole 10 (Back Nine) › complete back nine only (holes 10-18)" classname="golden-round-advanced.spec.js" time="0.042">
<system-out>
<![CDATA[Created game 90b2d9fc-83a6-4771-93e7-54eb6b33cd7c for back nine test
Processing 9 back nine holes
Completed 9 back nine holes
Back nine totals: {
  [32m'test-player-1'[39m: [33m-6[39m,
  [32m'test-player-2'[39m: [33m8[39m,
  [32m'test-player-3'[39m: [33m4[39m,
  [32m'test-player-4'[39m: [33m-6[39m
}
Expected back nine totals: { player_a: [33m-6[39m, player_b: [33m8[39m, player_c: [33m4[39m, player_d: [33m-6[39m }
]]>
</system-out>
</testcase>
<testcase name="Golden Round - Random Hole Edits › complete round then edit random holes" classname="golden-round-advanced.spec.js" time="0.093">
<system-out>
<![CDATA[Completing all 18 holes...
All holes completed. Now editing random holes...
Editing hole 3: changing winner from captain to opponents
Hole 3 edited successfully
Editing hole 7: changing winner from team2 to team1
Hole 7 edited successfully
Editing hole 14: changing winner from team1 to team2
Hole 14 edited successfully
]]>
</system-out>
</testcase>
<testcase name="Golden Round - Random Hole Edits › edit hole with different team formation" classname="golden-round-advanced.spec.js" time="0.016">
<system-out>
<![CDATA[Hole 1 completed as partners (team1 won)
Editing hole 1 to solo format...
Hole 1 edited to solo format
Captain points after edit: 6
]]>
</system-out>
</testcase>
<testcase name="Golden Round - Combined Advanced Scenarios › full round with high stakes, back nine emphasis, and edits" classname="golden-round-advanced.spec.js" time="0.114">
<system-out>
<![CDATA[Starting full advanced round...
Hole 15: High stakes! Max quarters: 12
Hole 18: High stakes! Max quarters: 24
Completed 18/18 holes
Pre-edit totals: {
  [32m'test-player-1'[39m: [33m-3[39m,
  [32m'test-player-2'[39m: [33m7[39m,
  [32m'test-player-3'[39m: [33m7[39m,
  [32m'test-player-4'[39m: [33m-11[39m
}
Editing hole 15...
Hole 15 edited successfully
]]>
</system-out>
</testcase>
</testsuite>
</testsuites>